<?xml version="1.0" encoding="UTF-8"?>
<!-- Generated by org.testng.reporters.JUnitReportReporter -->
<testsuite hostname="US155127.local" name="com.pnt.webdriver.WebDriverAppTest" tests="1" failures="0" timestamp="14 Jan 2013 01:03:54 GMT" time="86.511" errors="0">
  <testcase name="f" time="86.511" classname="com.pnt.webdriver.WebDriverAppTest"/>
</testsuite> <!-- com.pnt.webdriver.WebDriverAppTest -->
